<?xml version="1.0" encoding="UTF-8"?>
<testng-results skipped="0" failed="0" ignored="0" total="3" passed="3">
  <reporter-output>
  </reporter-output>
  <suite name="autotest.TestNG by packages" duration-ms="24400" started-at="2017-06-14T14:03:23Z" finished-at="2017-06-14T14:03:47Z">
    <groups>
    </groups>
    <test name="facebook.tests" duration-ms="24400" started-at="2017-06-14T14:03:23Z" finished-at="2017-06-14T14:03:47Z">
      <class name="tests.MainTest">
        <test-method status="PASS" signature="setup()[pri:0, instance:tests.MainTest@77b52d12]" name="setup" is-config="true" duration-ms="8201" started-at="2017-06-14T17:03:23Z" finished-at="2017-06-14T17:03:31Z">
          <reporter-output>
          </reporter-output>
        </test-method> <!-- setup -->
        <test-method status="PASS" signature="test()[pri:0, instance:tests.MainTest@77b52d12]" name="test" duration-ms="6033" started-at="2017-06-14T17:03:31Z" finished-at="2017-06-14T17:03:37Z">
          <reporter-output>
          </reporter-output>
        </test-method> <!-- test -->
        <test-method status="PASS" signature="test2()[pri:0, instance:tests.MainTest@77b52d12]" name="test2" duration-ms="5350" started-at="2017-06-14T17:03:37Z" finished-at="2017-06-14T17:03:42Z">
          <reporter-output>
          </reporter-output>
        </test-method> <!-- test2 -->
        <test-method status="PASS" signature="test3()[pri:0, instance:tests.MainTest@77b52d12]" name="test3" duration-ms="3501" started-at="2017-06-14T17:03:42Z" finished-at="2017-06-14T17:03:46Z">
          <reporter-output>
          </reporter-output>
        </test-method> <!-- test3 -->
        <test-method status="PASS" signature="closePage()[pri:0, instance:tests.MainTest@77b52d12]" name="closePage" is-config="true" duration-ms="1300" started-at="2017-06-14T17:03:46Z" finished-at="2017-06-14T17:03:47Z">
          <reporter-output>
          </reporter-output>
        </test-method> <!-- closePage -->
      </class> <!-- tests.MainTest -->
    </test> <!-- facebook.tests -->
  </suite> <!-- autotest.TestNG by packages -->
</testng-results>
