-------------------------------------------------------------------------------
Test set: TestSuite
-------------------------------------------------------------------------------
Tests run: 9, Failures: 1, Errors: 0, Skipped: 8, Time elapsed: 0.705 sec <<< FAILURE!
setup(tests.MainTest)  Time elapsed: 0.364 sec  <<< FAILURE!
java.lang.NullPointerException
	at tests.MainTest.setup(MainTest.java:38)
