<?xml version="1.0" encoding="UTF-8" ?>
<testsuite tests="9" failures="1" name="TestSuite" time="3.364" errors="0" skipped="8">
  <properties>
[...]
</properties>
  <testcase classname="tests.MainTest" name="setup" time="0.364">
    <failure type="java.lang.NullPointerException">java.lang.NullPointerException
	at tests.MainTest.setup(MainTest.java:38)
</failure>
  </testcase>
  <testcase classname="tests.MainTest" name="test" time="0.368">
    <skipped/>
  </testcase>
  <testcase classname="tests.MainTest" name="test2" time="0.376">
    <skipped/>
  </testcase>
  <testcase classname="tests.MainTest" name="test2_1" time="0.376">
    <skipped/>
  </testcase>
  <testcase classname="tests.MainTest" name="test2_2" time="0.376">
    <skipped/>
  </testcase>
  <testcase classname="tests.MainTest" name="test2_5" time="0.376">
    <skipped/>
  </testcase>
  <testcase classname="tests.MainTest" name="test3" time="0.376">
    <skipped/>
  </testcase>
  <testcase classname="tests.MainTest" name="test99" time="0.376">
    <skipped/>
  </testcase>
  <testcase classname="tests.MainTest" name="closePage" time="0.376">
    <skipped/>
  </testcase>
</testsuite>